<?xml version="1.0" encoding="UTF-8"?>
<!-- Generated by org.testng.reporters.JUnitReportReporter -->
<testsuite hostname="LAPTOP-9C7LO5BA" failures="0" tests="1" name="driverFactory.DriverScript" time="123.634" errors="0" timestamp="2025-05-10T18:10:06 IST" skipped="0">
  <testcase classname="driverFactory.DriverScript" name="starttest" time="123.634">
    <system-out>
      <![CDATA[No of rows are + 8
Incorrect user ID or password
Incorrect user ID or password]]>
    </system-out>
  </testcase> <!-- starttest -->
  <system-out>
    <![CDATA[No of rows are + 8
Incorrect user ID or password
Incorrect user ID or password
No os rows are 7
Customer Add SuccessCustomer-00000000201 Customer-00000000201
Customer Add SuccessCustomer-00000000202 Customer-00000000202
Customer Add SuccessCustomer-00000000203 Customer-00000000203
Customer Add SuccessCustomer-00000000204 Customer-00000000204
Customer Add SuccessCustomer-00000000205 Customer-00000000205
Customer Add SuccessCustomer-00000000206 Customer-00000000206
Customer Add SuccessCustomer-00000000207 Customer-00000000207]]>
  </system-out>
</testsuite> <!-- driverFactory.DriverScript -->
